0 info it worked if it ends with ok
1 verbose cli [ '/Users/jason/.nvm/versions/node/v7.2.0/bin/node',
1 verbose cli   '/Users/jason/.nvm/versions/node/v7.2.0/bin/npm',
1 verbose cli   'run',
1 verbose cli   'serve' ]
2 info using npm@3.10.9
3 info using node@v7.2.0
4 verbose run-script [ 'preserve', 'serve', 'postserve' ]
5 info lifecycle wdi_conf@1.0.0~preserve: wdi_conf@1.0.0
6 silly lifecycle wdi_conf@1.0.0~preserve: no script for preserve, continuing
7 info lifecycle wdi_conf@1.0.0~serve: wdi_conf@1.0.0
8 verbose lifecycle wdi_conf@1.0.0~serve: unsafe-perm in lifecycle true
9 verbose lifecycle wdi_conf@1.0.0~serve: PATH: /Users/jason/.nvm/versions/node/v7.2.0/lib/node_modules/npm/bin/node-gyp-bin:/Users/jason/wdi/projects/WDI_conf/node_modules/.bin:/Users/jason/.nvm/versions/node/v7.2.0/bin:/Users/jason/.rvm/gems/ruby-2.3.1/bin:/Users/jason/.rvm/gems/ruby-2.3.1@global/bin:/Users/jason/.rvm/rubies/ruby-2.3.1/bin:/Users/jason/.gem/ruby/2.3.0/bin:/Users/jason/.rubies/ruby-2.3.0/lib/ruby/gems/2.3.0/bin:/Users/jason/.rubies/ruby-2.3.0/bin:/Library/Frameworks/Python.framework/Versions/3.5/bin:/usr/local/bin:/usr/bin:/bin:/usr/sbin:/sbin:/Users/jason/.rvm/bin:/Users/jason/.rvm/bin:/Applications/Postgres.app/Contents/Versions/latest/bin
10 verbose lifecycle wdi_conf@1.0.0~serve: CWD: /Users/jason/wdi/projects/WDI_conf
11 silly lifecycle wdi_conf@1.0.0~serve: Args: [ '-c', 'www/webpack-dev-server  --watch' ]
12 info lifecycle wdi_conf@1.0.0~serve: Failed to exec serve script
13 verbose stack Error: wdi_conf@1.0.0 serve: `www/webpack-dev-server  --watch`
13 verbose stack spawn ENOENT
13 verbose stack     at ChildProcess.<anonymous> (/Users/jason/.nvm/versions/node/v7.2.0/lib/node_modules/npm/lib/utils/spawn.js:33:16)
13 verbose stack     at emitTwo (events.js:106:13)
13 verbose stack     at ChildProcess.emit (events.js:191:7)
13 verbose stack     at maybeClose (internal/child_process.js:885:16)
13 verbose stack     at Process.ChildProcess._handle.onexit (internal/child_process.js:226:5)
14 verbose pkgid wdi_conf@1.0.0
15 verbose cwd /Users/jason/wdi/projects/WDI_conf/www
16 error Darwin 16.1.0
17 error argv "/Users/jason/.nvm/versions/node/v7.2.0/bin/node" "/Users/jason/.nvm/versions/node/v7.2.0/bin/npm" "run" "serve"
18 error node v7.2.0
19 error npm  v3.10.9
20 error file sh
21 error code ELIFECYCLE
22 error errno ENOENT
23 error syscall spawn
24 error wdi_conf@1.0.0 serve: `www/webpack-dev-server  --watch`
24 error spawn ENOENT
25 error Failed at the wdi_conf@1.0.0 serve script 'www/webpack-dev-server  --watch'.
25 error Make sure you have the latest version of node.js and npm installed.
25 error If you do, this is most likely a problem with the wdi_conf package,
25 error not with npm itself.
25 error Tell the author that this fails on your system:
25 error     www/webpack-dev-server  --watch
25 error You can get information on how to open an issue for this project with:
25 error     npm bugs wdi_conf
25 error Or if that isn't available, you can get their info via:
25 error     npm owner ls wdi_conf
25 error There is likely additional logging output above.
26 verbose exit [ 1, true ]
